==239810== Memcheck, a memory error detector
==239810== Copyright (C) 2002-2024, and GNU GPL'd, by Julian Seward et al.
==239810== Using Valgrind-3.24.0 and LibVEX; rerun with -h for copyright info
==239810== Command: ./a.out
==239810== Parent PID: 239805
==239810== 
==239810== Conditional jump or move depends on uninitialised value(s)
==239810==    at 0x48512E9: strlen (vg_replace_strmem.c:505)
==239810==    by 0x4909D30: __vfprintf_internal (vfprintf-internal.c:1517)
==239810==    by 0x48F379E: printf (printf.c:33)
==239810==    by 0x10933D: test_libc_functions (in /home/sarayapa/cadet/libft/a.out)
==239810==    by 0x109813: main (in /home/sarayapa/cadet/libft/a.out)
==239810== 
==239810== 
==239810== HEAP SUMMARY:
==239810==     in use at exit: 0 bytes in 0 blocks
==239810==   total heap usage: 12 allocs, 12 frees, 1,121 bytes allocated
==239810== 
==239810== All heap blocks were freed -- no leaks are possible
==239810== 
==239810== Use --track-origins=yes to see where uninitialised values come from
==239810== ERROR SUMMARY: 1 errors from 1 contexts (suppressed: 0 from 0)
==239810== 
==239810== 1 errors in context 1 of 1:
==239810== Conditional jump or move depends on uninitialised value(s)
==239810==    at 0x48512E9: strlen (vg_replace_strmem.c:505)
==239810==    by 0x4909D30: __vfprintf_internal (vfprintf-internal.c:1517)
==239810==    by 0x48F379E: printf (printf.c:33)
==239810==    by 0x10933D: test_libc_functions (in /home/sarayapa/cadet/libft/a.out)
==239810==    by 0x109813: main (in /home/sarayapa/cadet/libft/a.out)
==239810== 
==239810== ERROR SUMMARY: 1 errors from 1 contexts (suppressed: 0 from 0)
